DEB [20250602-16:17:56.923] thr=1   paramiko.transport: starting thread (client mode): 0x6284f10
DEB [20250602-16:17:56.923] thr=1   paramiko.transport: Local version/idstring: SSH-2.0-paramiko_3.5.1
DEB [20250602-16:17:57.117] thr=1   paramiko.transport: Remote version/idstring: SSH-2.0-OpenSSH_9.2p1 Debian-2+deb12u5
INF [20250602-16:17:57.117] thr=1   paramiko.transport: Connected (version 2.0, client OpenSSH_9.2p1)
DEB [20250602-16:17:57.129] thr=1   paramiko.transport: === Key exchange possibilities ===
DEB [20250602-16:17:57.129] thr=1   paramiko.transport: kex algos: sntrup761x25519-sha512, sntrup761x25519-sha512@openssh.com, curve25519-sha256, curve25519-sha256@libssh.org, ecdh-sha2-nistp256, ecdh-sha2-nistp384, ecdh-sha2-nistp521, diffie-hellman-group-exchange-sha256, diffie-hellman-group16-sha512, diffie-hellman-group18-sha512, diffie-hellman-group14-sha256, kex-strict-s-v00@openssh.com
DEB [20250602-16:17:57.129] thr=1   paramiko.transport: server key: rsa-sha2-512, rsa-sha2-256, ecdsa-sha2-nistp256, ssh-ed25519
DEB [20250602-16:17:57.129] thr=1   paramiko.transport: client encrypt: chacha20-poly1305@openssh.com, aes128-ctr, aes192-ctr, aes256-ctr, aes128-gcm@openssh.com, aes256-gcm@openssh.com
DEB [20250602-16:17:57.130] thr=1   paramiko.transport: server encrypt: chacha20-poly1305@openssh.com, aes128-ctr, aes192-ctr, aes256-ctr, aes128-gcm@openssh.com, aes256-gcm@openssh.com
DEB [20250602-16:17:57.130] thr=1   paramiko.transport: client mac: umac-64-etm@openssh.com, umac-128-etm@openssh.com, hmac-sha2-256-etm@openssh.com, hmac-sha2-512-etm@openssh.com, hmac-sha1-etm@openssh.com, umac-64@openssh.com, umac-128@openssh.com, hmac-sha2-256, hmac-sha2-512, hmac-sha1
DEB [20250602-16:17:57.130] thr=1   paramiko.transport: server mac: umac-64-etm@openssh.com, umac-128-etm@openssh.com, hmac-sha2-256-etm@openssh.com, hmac-sha2-512-etm@openssh.com, hmac-sha1-etm@openssh.com, umac-64@openssh.com, umac-128@openssh.com, hmac-sha2-256, hmac-sha2-512, hmac-sha1
DEB [20250602-16:17:57.130] thr=1   paramiko.transport: client compress: none, zlib@openssh.com
DEB [20250602-16:17:57.130] thr=1   paramiko.transport: server compress: none, zlib@openssh.com
DEB [20250602-16:17:57.130] thr=1   paramiko.transport: client lang: <none>
DEB [20250602-16:17:57.130] thr=1   paramiko.transport: server lang: <none>
DEB [20250602-16:17:57.130] thr=1   paramiko.transport: kex follows: False
DEB [20250602-16:17:57.130] thr=1   paramiko.transport: === Key exchange agreements ===
DEB [20250602-16:17:57.130] thr=1   paramiko.transport: Strict kex mode: True
DEB [20250602-16:17:57.130] thr=1   paramiko.transport: Kex: curve25519-sha256@libssh.org
DEB [20250602-16:17:57.130] thr=1   paramiko.transport: HostKey: ssh-ed25519
DEB [20250602-16:17:57.130] thr=1   paramiko.transport: Cipher: aes128-ctr
DEB [20250602-16:17:57.130] thr=1   paramiko.transport: MAC: hmac-sha2-256
DEB [20250602-16:17:57.130] thr=1   paramiko.transport: Compression: none
DEB [20250602-16:17:57.130] thr=1   paramiko.transport: === End of kex handshake ===
DEB [20250602-16:17:57.174] thr=1   paramiko.transport: Resetting outbound seqno after NEWKEYS due to strict mode
DEB [20250602-16:17:57.175] thr=1   paramiko.transport: kex engine KexCurve25519 specified hash_algo <built-in function openssl_sha256>
DEB [20250602-16:17:57.176] thr=1   paramiko.transport: Switch to new keys ...
DEB [20250602-16:17:57.177] thr=1   paramiko.transport: Resetting inbound seqno after NEWKEYS due to strict mode
DEB [20250602-16:17:57.177] thr=2   paramiko.transport: Adding ssh-ed25519 host key for 192.168.178.82: b'ed564d4de6325bcef628805efb2eb8bb'
DEB [20250602-16:17:57.177] thr=1   paramiko.transport: Got EXT_INFO: {'server-sig-algs': b'ssh-ed25519,sk-ssh-ed25519@openssh.com,ecdsa-sha2-nistp256,ecdsa-sha2-nistp384,ecdsa-sha2-nistp521,sk-ecdsa-sha2-nistp256@openssh.com,webauthn-sk-ecdsa-sha2-nistp256@openssh.com,ssh-dss,ssh-rsa,rsa-sha2-256,rsa-sha2-512', 'publickey-hostbound@openssh.com': b'0'}
DEB [20250602-16:17:57.234] thr=1   paramiko.transport: userauth is OK
INF [20250602-16:17:57.289] thr=1   paramiko.transport: Authentication (password) successful!
DEB [20250602-16:17:57.294] thr=2   paramiko.transport: [chan 0] Max packet in: 32768 bytes
DEB [20250602-16:17:57.407] thr=1   paramiko.transport: Received global request "hostkeys-00@openssh.com"
DEB [20250602-16:17:57.408] thr=1   paramiko.transport: Rejecting "hostkeys-00@openssh.com" global request from server.
DEB [20250602-16:17:57.414] thr=1   paramiko.transport: [chan 0] Max packet out: 32768 bytes
DEB [20250602-16:17:57.414] thr=1   paramiko.transport: Secsh channel 0 opened.
DEB [20250602-16:17:57.422] thr=1   paramiko.transport: [chan 0] Sesch channel 0 request ok
DEB [20250602-16:17:57.541] thr=1   paramiko.transport: [chan 0] EOF received (0)
DEB [20250602-16:17:57.541] thr=1   paramiko.transport: [chan 0] EOF sent (0)
ERR [20250602-16:17:57.841] thr=1   paramiko.transport: Socket exception: Connection reset by peer (54)
DEB [20250602-16:18:57.649] thr=3   paramiko.transport: starting thread (client mode): 0x6331d10
DEB [20250602-16:18:57.650] thr=3   paramiko.transport: Local version/idstring: SSH-2.0-paramiko_3.5.1
DEB [20250602-16:18:59.763] thr=3   paramiko.transport: Remote version/idstring: SSH-2.0-OpenSSH_9.2p1 Debian-2+deb12u5
INF [20250602-16:18:59.763] thr=3   paramiko.transport: Connected (version 2.0, client OpenSSH_9.2p1)
DEB [20250602-16:18:59.786] thr=3   paramiko.transport: === Key exchange possibilities ===
DEB [20250602-16:18:59.786] thr=3   paramiko.transport: kex algos: sntrup761x25519-sha512, sntrup761x25519-sha512@openssh.com, curve25519-sha256, curve25519-sha256@libssh.org, ecdh-sha2-nistp256, ecdh-sha2-nistp384, ecdh-sha2-nistp521, diffie-hellman-group-exchange-sha256, diffie-hellman-group16-sha512, diffie-hellman-group18-sha512, diffie-hellman-group14-sha256, kex-strict-s-v00@openssh.com
DEB [20250602-16:18:59.786] thr=3   paramiko.transport: server key: rsa-sha2-512, rsa-sha2-256, ecdsa-sha2-nistp256, ssh-ed25519
DEB [20250602-16:18:59.786] thr=3   paramiko.transport: client encrypt: chacha20-poly1305@openssh.com, aes128-ctr, aes192-ctr, aes256-ctr, aes128-gcm@openssh.com, aes256-gcm@openssh.com
DEB [20250602-16:18:59.786] thr=3   paramiko.transport: server encrypt: chacha20-poly1305@openssh.com, aes128-ctr, aes192-ctr, aes256-ctr, aes128-gcm@openssh.com, aes256-gcm@openssh.com
DEB [20250602-16:18:59.786] thr=3   paramiko.transport: client mac: umac-64-etm@openssh.com, umac-128-etm@openssh.com, hmac-sha2-256-etm@openssh.com, hmac-sha2-512-etm@openssh.com, hmac-sha1-etm@openssh.com, umac-64@openssh.com, umac-128@openssh.com, hmac-sha2-256, hmac-sha2-512, hmac-sha1
DEB [20250602-16:18:59.786] thr=3   paramiko.transport: server mac: umac-64-etm@openssh.com, umac-128-etm@openssh.com, hmac-sha2-256-etm@openssh.com, hmac-sha2-512-etm@openssh.com, hmac-sha1-etm@openssh.com, umac-64@openssh.com, umac-128@openssh.com, hmac-sha2-256, hmac-sha2-512, hmac-sha1
DEB [20250602-16:18:59.787] thr=3   paramiko.transport: client compress: none, zlib@openssh.com
DEB [20250602-16:18:59.787] thr=3   paramiko.transport: server compress: none, zlib@openssh.com
DEB [20250602-16:18:59.787] thr=3   paramiko.transport: client lang: <none>
DEB [20250602-16:18:59.787] thr=3   paramiko.transport: server lang: <none>
DEB [20250602-16:18:59.787] thr=3   paramiko.transport: kex follows: False
DEB [20250602-16:18:59.787] thr=3   paramiko.transport: === Key exchange agreements ===
DEB [20250602-16:18:59.787] thr=3   paramiko.transport: Strict kex mode: True
DEB [20250602-16:18:59.787] thr=3   paramiko.transport: Kex: curve25519-sha256@libssh.org
DEB [20250602-16:18:59.787] thr=3   paramiko.transport: HostKey: ssh-ed25519
DEB [20250602-16:18:59.788] thr=3   paramiko.transport: Cipher: aes128-ctr
DEB [20250602-16:18:59.788] thr=3   paramiko.transport: MAC: hmac-sha2-256
DEB [20250602-16:18:59.788] thr=3   paramiko.transport: Compression: none
DEB [20250602-16:18:59.788] thr=3   paramiko.transport: === End of kex handshake ===
DEB [20250602-16:18:59.833] thr=3   paramiko.transport: Resetting outbound seqno after NEWKEYS due to strict mode
DEB [20250602-16:18:59.834] thr=3   paramiko.transport: kex engine KexCurve25519 specified hash_algo <built-in function openssl_sha256>
DEB [20250602-16:18:59.834] thr=3   paramiko.transport: Switch to new keys ...
DEB [20250602-16:18:59.834] thr=3   paramiko.transport: Resetting inbound seqno after NEWKEYS due to strict mode
DEB [20250602-16:18:59.835] thr=2   paramiko.transport: Attempting password auth...
DEB [20250602-16:18:59.835] thr=3   paramiko.transport: Got EXT_INFO: {'server-sig-algs': b'ssh-ed25519,sk-ssh-ed25519@openssh.com,ecdsa-sha2-nistp256,ecdsa-sha2-nistp384,ecdsa-sha2-nistp521,sk-ecdsa-sha2-nistp256@openssh.com,webauthn-sk-ecdsa-sha2-nistp256@openssh.com,ssh-dss,ssh-rsa,rsa-sha2-256,rsa-sha2-512', 'publickey-hostbound@openssh.com': b'0'}
DEB [20250602-16:18:59.895] thr=3   paramiko.transport: userauth is OK
INF [20250602-16:19:00.005] thr=3   paramiko.transport: Authentication (password) successful!
DEB [20250602-16:19:00.006] thr=2   paramiko.transport: [chan 0] Max packet in: 32768 bytes
DEB [20250602-16:19:00.129] thr=3   paramiko.transport: Received global request "hostkeys-00@openssh.com"
DEB [20250602-16:19:00.129] thr=3   paramiko.transport: Rejecting "hostkeys-00@openssh.com" global request from server.
DEB [20250602-16:19:00.136] thr=3   paramiko.transport: [chan 0] Max packet out: 32768 bytes
DEB [20250602-16:19:00.136] thr=3   paramiko.transport: Secsh channel 0 opened.
DEB [20250602-16:19:00.154] thr=3   paramiko.transport: [chan 0] Sesch channel 0 request ok
INF [20250602-16:19:00.183] thr=2   paramiko.transport.sftp: [chan 0] Opened sftp connection (server version 3)
DEB [20250602-16:19:00.184] thr=2   paramiko.transport.sftp: [chan 0] open(b'connect_stick_otaa.py', 'wb')
DEB [20250602-16:19:00.201] thr=2   paramiko.transport.sftp: [chan 0] open(b'connect_stick_otaa.py', 'wb') -> 00000000
DEB [20250602-16:19:00.203] thr=2   paramiko.transport.sftp: [chan 0] close(00000000)
DEB [20250602-16:19:00.222] thr=2   paramiko.transport.sftp: [chan 0] stat(b'connect_stick_otaa.py')
DEB [20250602-16:19:00.229] thr=2   paramiko.transport.sftp: [chan 0] open(b'monitor_parameters.py', 'wb')
DEB [20250602-16:19:00.235] thr=2   paramiko.transport.sftp: [chan 0] open(b'monitor_parameters.py', 'wb') -> 00000000
DEB [20250602-16:19:00.236] thr=2   paramiko.transport.sftp: [chan 0] close(00000000)
DEB [20250602-16:19:00.253] thr=2   paramiko.transport.sftp: [chan 0] stat(b'monitor_parameters.py')
DEB [20250602-16:19:00.260] thr=2   paramiko.transport.sftp: [chan 0] open(b'mqtt_grafana.py', 'wb')
DEB [20250602-16:19:00.266] thr=2   paramiko.transport.sftp: [chan 0] open(b'mqtt_grafana.py', 'wb') -> 00000000
DEB [20250602-16:19:00.267] thr=2   paramiko.transport.sftp: [chan 0] close(00000000)
DEB [20250602-16:19:00.283] thr=2   paramiko.transport.sftp: [chan 0] stat(b'mqtt_grafana.py')
INF [20250602-16:19:00.290] thr=2   paramiko.transport.sftp: [chan 0] sftp session closed.
DEB [20250602-16:19:00.291] thr=2   paramiko.transport: [chan 0] EOF sent (0)
DEB [20250602-16:19:00.391] thr=3   paramiko.transport: EOF in transport thread
DEB [20250602-16:19:40.143] thr=4   paramiko.transport: starting thread (client mode): 0x62b2450
DEB [20250602-16:19:40.143] thr=4   paramiko.transport: Local version/idstring: SSH-2.0-paramiko_3.5.1
DEB [20250602-16:19:40.233] thr=4   paramiko.transport: Remote version/idstring: SSH-2.0-OpenSSH_9.2p1 Debian-2+deb12u5
INF [20250602-16:19:40.233] thr=4   paramiko.transport: Connected (version 2.0, client OpenSSH_9.2p1)
DEB [20250602-16:19:40.240] thr=4   paramiko.transport: === Key exchange possibilities ===
DEB [20250602-16:19:40.241] thr=4   paramiko.transport: kex algos: sntrup761x25519-sha512, sntrup761x25519-sha512@openssh.com, curve25519-sha256, curve25519-sha256@libssh.org, ecdh-sha2-nistp256, ecdh-sha2-nistp384, ecdh-sha2-nistp521, diffie-hellman-group-exchange-sha256, diffie-hellman-group16-sha512, diffie-hellman-group18-sha512, diffie-hellman-group14-sha256, kex-strict-s-v00@openssh.com
DEB [20250602-16:19:40.241] thr=4   paramiko.transport: server key: rsa-sha2-512, rsa-sha2-256, ecdsa-sha2-nistp256, ssh-ed25519
DEB [20250602-16:19:40.241] thr=4   paramiko.transport: client encrypt: chacha20-poly1305@openssh.com, aes128-ctr, aes192-ctr, aes256-ctr, aes128-gcm@openssh.com, aes256-gcm@openssh.com
DEB [20250602-16:19:40.241] thr=4   paramiko.transport: server encrypt: chacha20-poly1305@openssh.com, aes128-ctr, aes192-ctr, aes256-ctr, aes128-gcm@openssh.com, aes256-gcm@openssh.com
DEB [20250602-16:19:40.241] thr=4   paramiko.transport: client mac: umac-64-etm@openssh.com, umac-128-etm@openssh.com, hmac-sha2-256-etm@openssh.com, hmac-sha2-512-etm@openssh.com, hmac-sha1-etm@openssh.com, umac-64@openssh.com, umac-128@openssh.com, hmac-sha2-256, hmac-sha2-512, hmac-sha1
DEB [20250602-16:19:40.241] thr=4   paramiko.transport: server mac: umac-64-etm@openssh.com, umac-128-etm@openssh.com, hmac-sha2-256-etm@openssh.com, hmac-sha2-512-etm@openssh.com, hmac-sha1-etm@openssh.com, umac-64@openssh.com, umac-128@openssh.com, hmac-sha2-256, hmac-sha2-512, hmac-sha1
DEB [20250602-16:19:40.241] thr=4   paramiko.transport: client compress: none, zlib@openssh.com
DEB [20250602-16:19:40.241] thr=4   paramiko.transport: server compress: none, zlib@openssh.com
DEB [20250602-16:19:40.241] thr=4   paramiko.transport: client lang: <none>
DEB [20250602-16:19:40.241] thr=4   paramiko.transport: server lang: <none>
DEB [20250602-16:19:40.241] thr=4   paramiko.transport: kex follows: False
DEB [20250602-16:19:40.241] thr=4   paramiko.transport: === Key exchange agreements ===
DEB [20250602-16:19:40.241] thr=4   paramiko.transport: Strict kex mode: True
DEB [20250602-16:19:40.241] thr=4   paramiko.transport: Kex: curve25519-sha256@libssh.org
DEB [20250602-16:19:40.241] thr=4   paramiko.transport: HostKey: ssh-ed25519
DEB [20250602-16:19:40.241] thr=4   paramiko.transport: Cipher: aes128-ctr
DEB [20250602-16:19:40.241] thr=4   paramiko.transport: MAC: hmac-sha2-256
DEB [20250602-16:19:40.241] thr=4   paramiko.transport: Compression: none
DEB [20250602-16:19:40.241] thr=4   paramiko.transport: === End of kex handshake ===
DEB [20250602-16:19:40.283] thr=4   paramiko.transport: Resetting outbound seqno after NEWKEYS due to strict mode
DEB [20250602-16:19:40.283] thr=4   paramiko.transport: kex engine KexCurve25519 specified hash_algo <built-in function openssl_sha256>
DEB [20250602-16:19:40.283] thr=4   paramiko.transport: Switch to new keys ...
DEB [20250602-16:19:40.283] thr=4   paramiko.transport: Resetting inbound seqno after NEWKEYS due to strict mode
DEB [20250602-16:19:40.283] thr=4   paramiko.transport: Got EXT_INFO: {'server-sig-algs': b'ssh-ed25519,sk-ssh-ed25519@openssh.com,ecdsa-sha2-nistp256,ecdsa-sha2-nistp384,ecdsa-sha2-nistp521,sk-ecdsa-sha2-nistp256@openssh.com,webauthn-sk-ecdsa-sha2-nistp256@openssh.com,ssh-dss,ssh-rsa,rsa-sha2-256,rsa-sha2-512', 'publickey-hostbound@openssh.com': b'0'}
DEB [20250602-16:19:40.342] thr=4   paramiko.transport: userauth is OK
INF [20250602-16:19:40.397] thr=4   paramiko.transport: Authentication (password) successful!
DEB [20250602-16:19:40.400] thr=5   paramiko.transport: [chan 0] Max packet in: 32768 bytes
DEB [20250602-16:19:40.500] thr=4   paramiko.transport: Received global request "hostkeys-00@openssh.com"
DEB [20250602-16:19:40.500] thr=4   paramiko.transport: Rejecting "hostkeys-00@openssh.com" global request from server.
DEB [20250602-16:19:40.506] thr=4   paramiko.transport: [chan 0] Max packet out: 32768 bytes
DEB [20250602-16:19:40.506] thr=4   paramiko.transport: Secsh channel 0 opened.
DEB [20250602-16:19:40.514] thr=4   paramiko.transport: [chan 0] Sesch channel 0 request ok
DEB [20250602-16:19:40.753] thr=4   paramiko.transport: [chan 0] EOF received (0)
DEB [20250602-16:19:40.754] thr=4   paramiko.transport: [chan 0] EOF sent (0)
ERR [20250602-16:19:41.163] thr=4   paramiko.transport: Socket exception: Connection reset by peer (54)
DEB [20250602-16:20:20.486] thr=6   paramiko.transport: starting thread (client mode): 0x63339d0
DEB [20250602-16:20:20.486] thr=6   paramiko.transport: Local version/idstring: SSH-2.0-paramiko_3.5.1
DEB [20250602-16:20:20.560] thr=6   paramiko.transport: Remote version/idstring: SSH-2.0-OpenSSH_9.2p1 Debian-2+deb12u5
INF [20250602-16:20:20.560] thr=6   paramiko.transport: Connected (version 2.0, client OpenSSH_9.2p1)
DEB [20250602-16:20:20.565] thr=6   paramiko.transport: === Key exchange possibilities ===
DEB [20250602-16:20:20.565] thr=6   paramiko.transport: kex algos: sntrup761x25519-sha512, sntrup761x25519-sha512@openssh.com, curve25519-sha256, curve25519-sha256@libssh.org, ecdh-sha2-nistp256, ecdh-sha2-nistp384, ecdh-sha2-nistp521, diffie-hellman-group-exchange-sha256, diffie-hellman-group16-sha512, diffie-hellman-group18-sha512, diffie-hellman-group14-sha256, kex-strict-s-v00@openssh.com
DEB [20250602-16:20:20.565] thr=6   paramiko.transport: server key: rsa-sha2-512, rsa-sha2-256, ecdsa-sha2-nistp256, ssh-ed25519
DEB [20250602-16:20:20.565] thr=6   paramiko.transport: client encrypt: chacha20-poly1305@openssh.com, aes128-ctr, aes192-ctr, aes256-ctr, aes128-gcm@openssh.com, aes256-gcm@openssh.com
DEB [20250602-16:20:20.565] thr=6   paramiko.transport: server encrypt: chacha20-poly1305@openssh.com, aes128-ctr, aes192-ctr, aes256-ctr, aes128-gcm@openssh.com, aes256-gcm@openssh.com
DEB [20250602-16:20:20.565] thr=6   paramiko.transport: client mac: umac-64-etm@openssh.com, umac-128-etm@openssh.com, hmac-sha2-256-etm@openssh.com, hmac-sha2-512-etm@openssh.com, hmac-sha1-etm@openssh.com, umac-64@openssh.com, umac-128@openssh.com, hmac-sha2-256, hmac-sha2-512, hmac-sha1
DEB [20250602-16:20:20.565] thr=6   paramiko.transport: server mac: umac-64-etm@openssh.com, umac-128-etm@openssh.com, hmac-sha2-256-etm@openssh.com, hmac-sha2-512-etm@openssh.com, hmac-sha1-etm@openssh.com, umac-64@openssh.com, umac-128@openssh.com, hmac-sha2-256, hmac-sha2-512, hmac-sha1
DEB [20250602-16:20:20.566] thr=6   paramiko.transport: client compress: none, zlib@openssh.com
DEB [20250602-16:20:20.566] thr=6   paramiko.transport: server compress: none, zlib@openssh.com
DEB [20250602-16:20:20.566] thr=6   paramiko.transport: client lang: <none>
DEB [20250602-16:20:20.566] thr=6   paramiko.transport: server lang: <none>
DEB [20250602-16:20:20.566] thr=6   paramiko.transport: kex follows: False
DEB [20250602-16:20:20.566] thr=6   paramiko.transport: === Key exchange agreements ===
DEB [20250602-16:20:20.566] thr=6   paramiko.transport: Strict kex mode: True
DEB [20250602-16:20:20.566] thr=6   paramiko.transport: Kex: curve25519-sha256@libssh.org
DEB [20250602-16:20:20.566] thr=6   paramiko.transport: HostKey: ssh-ed25519
DEB [20250602-16:20:20.566] thr=6   paramiko.transport: Cipher: aes128-ctr
DEB [20250602-16:20:20.566] thr=6   paramiko.transport: MAC: hmac-sha2-256
DEB [20250602-16:20:20.566] thr=6   paramiko.transport: Compression: none
DEB [20250602-16:20:20.566] thr=6   paramiko.transport: === End of kex handshake ===
DEB [20250602-16:20:20.608] thr=6   paramiko.transport: Resetting outbound seqno after NEWKEYS due to strict mode
DEB [20250602-16:20:20.608] thr=6   paramiko.transport: kex engine KexCurve25519 specified hash_algo <built-in function openssl_sha256>
DEB [20250602-16:20:20.608] thr=6   paramiko.transport: Switch to new keys ...
DEB [20250602-16:20:20.608] thr=6   paramiko.transport: Resetting inbound seqno after NEWKEYS due to strict mode
DEB [20250602-16:20:20.608] thr=6   paramiko.transport: Got EXT_INFO: {'server-sig-algs': b'ssh-ed25519,sk-ssh-ed25519@openssh.com,ecdsa-sha2-nistp256,ecdsa-sha2-nistp384,ecdsa-sha2-nistp521,sk-ecdsa-sha2-nistp256@openssh.com,webauthn-sk-ecdsa-sha2-nistp256@openssh.com,ssh-dss,ssh-rsa,rsa-sha2-256,rsa-sha2-512', 'publickey-hostbound@openssh.com': b'0'}
DEB [20250602-16:20:20.666] thr=6   paramiko.transport: userauth is OK
INF [20250602-16:20:20.721] thr=6   paramiko.transport: Authentication (password) successful!
DEB [20250602-16:20:20.725] thr=7   paramiko.transport: [chan 0] Max packet in: 32768 bytes
DEB [20250602-16:20:20.828] thr=6   paramiko.transport: Received global request "hostkeys-00@openssh.com"
DEB [20250602-16:20:20.828] thr=6   paramiko.transport: Rejecting "hostkeys-00@openssh.com" global request from server.
DEB [20250602-16:20:20.837] thr=6   paramiko.transport: [chan 0] Max packet out: 32768 bytes
DEB [20250602-16:20:20.837] thr=6   paramiko.transport: Secsh channel 0 opened.
DEB [20250602-16:20:20.845] thr=6   paramiko.transport: [chan 0] Sesch channel 0 request ok
DEB [20250602-16:20:21.033] thr=6   paramiko.transport: [chan 0] EOF received (0)
DEB [20250602-16:20:21.034] thr=6   paramiko.transport: [chan 0] EOF sent (0)
ERR [20250602-16:20:21.609] thr=6   paramiko.transport: Socket exception: Connection reset by peer (54)
DEB [20250602-16:21:42.305] thr=1   paramiko.transport: starting thread (client mode): 0x463a0d0
DEB [20250602-16:21:42.305] thr=1   paramiko.transport: Local version/idstring: SSH-2.0-paramiko_3.5.1
DEB [20250602-16:21:42.399] thr=1   paramiko.transport: Remote version/idstring: SSH-2.0-OpenSSH_9.2p1 Debian-2+deb12u5
INF [20250602-16:21:42.399] thr=1   paramiko.transport: Connected (version 2.0, client OpenSSH_9.2p1)
DEB [20250602-16:21:42.410] thr=1   paramiko.transport: === Key exchange possibilities ===
DEB [20250602-16:21:42.410] thr=1   paramiko.transport: kex algos: sntrup761x25519-sha512, sntrup761x25519-sha512@openssh.com, curve25519-sha256, curve25519-sha256@libssh.org, ecdh-sha2-nistp256, ecdh-sha2-nistp384, ecdh-sha2-nistp521, diffie-hellman-group-exchange-sha256, diffie-hellman-group16-sha512, diffie-hellman-group18-sha512, diffie-hellman-group14-sha256, kex-strict-s-v00@openssh.com
DEB [20250602-16:21:42.410] thr=1   paramiko.transport: server key: rsa-sha2-512, rsa-sha2-256, ecdsa-sha2-nistp256, ssh-ed25519
DEB [20250602-16:21:42.410] thr=1   paramiko.transport: client encrypt: chacha20-poly1305@openssh.com, aes128-ctr, aes192-ctr, aes256-ctr, aes128-gcm@openssh.com, aes256-gcm@openssh.com
DEB [20250602-16:21:42.410] thr=1   paramiko.transport: server encrypt: chacha20-poly1305@openssh.com, aes128-ctr, aes192-ctr, aes256-ctr, aes128-gcm@openssh.com, aes256-gcm@openssh.com
DEB [20250602-16:21:42.410] thr=1   paramiko.transport: client mac: umac-64-etm@openssh.com, umac-128-etm@openssh.com, hmac-sha2-256-etm@openssh.com, hmac-sha2-512-etm@openssh.com, hmac-sha1-etm@openssh.com, umac-64@openssh.com, umac-128@openssh.com, hmac-sha2-256, hmac-sha2-512, hmac-sha1
DEB [20250602-16:21:42.410] thr=1   paramiko.transport: server mac: umac-64-etm@openssh.com, umac-128-etm@openssh.com, hmac-sha2-256-etm@openssh.com, hmac-sha2-512-etm@openssh.com, hmac-sha1-etm@openssh.com, umac-64@openssh.com, umac-128@openssh.com, hmac-sha2-256, hmac-sha2-512, hmac-sha1
DEB [20250602-16:21:42.410] thr=1   paramiko.transport: client compress: none, zlib@openssh.com
DEB [20250602-16:21:42.410] thr=1   paramiko.transport: server compress: none, zlib@openssh.com
DEB [20250602-16:21:42.410] thr=1   paramiko.transport: client lang: <none>
DEB [20250602-16:21:42.410] thr=1   paramiko.transport: server lang: <none>
DEB [20250602-16:21:42.410] thr=1   paramiko.transport: kex follows: False
DEB [20250602-16:21:42.410] thr=1   paramiko.transport: === Key exchange agreements ===
DEB [20250602-16:21:42.410] thr=1   paramiko.transport: Strict kex mode: True
DEB [20250602-16:21:42.410] thr=1   paramiko.transport: Kex: curve25519-sha256@libssh.org
DEB [20250602-16:21:42.410] thr=1   paramiko.transport: HostKey: ssh-ed25519
DEB [20250602-16:21:42.410] thr=1   paramiko.transport: Cipher: aes128-ctr
DEB [20250602-16:21:42.410] thr=1   paramiko.transport: MAC: hmac-sha2-256
DEB [20250602-16:21:42.410] thr=1   paramiko.transport: Compression: none
DEB [20250602-16:21:42.410] thr=1   paramiko.transport: === End of kex handshake ===
DEB [20250602-16:21:42.451] thr=1   paramiko.transport: Resetting outbound seqno after NEWKEYS due to strict mode
DEB [20250602-16:21:42.451] thr=1   paramiko.transport: kex engine KexCurve25519 specified hash_algo <built-in function openssl_sha256>
DEB [20250602-16:21:42.453] thr=1   paramiko.transport: Switch to new keys ...
DEB [20250602-16:21:42.453] thr=1   paramiko.transport: Resetting inbound seqno after NEWKEYS due to strict mode
DEB [20250602-16:21:42.453] thr=1   paramiko.transport: Got EXT_INFO: {'server-sig-algs': b'ssh-ed25519,sk-ssh-ed25519@openssh.com,ecdsa-sha2-nistp256,ecdsa-sha2-nistp384,ecdsa-sha2-nistp521,sk-ecdsa-sha2-nistp256@openssh.com,webauthn-sk-ecdsa-sha2-nistp256@openssh.com,ssh-dss,ssh-rsa,rsa-sha2-256,rsa-sha2-512', 'publickey-hostbound@openssh.com': b'0'}
DEB [20250602-16:21:42.453] thr=2   paramiko.transport: Adding ssh-ed25519 host key for 192.168.178.82: b'ed564d4de6325bcef628805efb2eb8bb'
DEB [20250602-16:21:42.505] thr=1   paramiko.transport: userauth is OK
INF [20250602-16:21:42.560] thr=1   paramiko.transport: Authentication (password) successful!
DEB [20250602-16:21:42.563] thr=2   paramiko.transport: [chan 0] Max packet in: 32768 bytes
DEB [20250602-16:21:42.656] thr=1   paramiko.transport: Received global request "hostkeys-00@openssh.com"
DEB [20250602-16:21:42.656] thr=1   paramiko.transport: Rejecting "hostkeys-00@openssh.com" global request from server.
DEB [20250602-16:21:42.662] thr=1   paramiko.transport: [chan 0] Max packet out: 32768 bytes
DEB [20250602-16:21:42.662] thr=1   paramiko.transport: Secsh channel 0 opened.
DEB [20250602-16:21:42.670] thr=1   paramiko.transport: [chan 0] Sesch channel 0 request ok
DEB [20250602-16:21:42.917] thr=1   paramiko.transport: [chan 0] EOF received (0)
DEB [20250602-16:21:42.917] thr=1   paramiko.transport: [chan 0] EOF sent (0)
ERR [20250602-16:21:43.224] thr=1   paramiko.transport: Socket exception: Connection reset by peer (54)
DEB [20250602-16:22:42.824] thr=3   paramiko.transport: starting thread (client mode): 0x46499d0
DEB [20250602-16:22:42.824] thr=3   paramiko.transport: Local version/idstring: SSH-2.0-paramiko_3.5.1
DEB [20250602-16:22:42.923] thr=3   paramiko.transport: Remote version/idstring: SSH-2.0-OpenSSH_9.2p1 Debian-2+deb12u5
INF [20250602-16:22:42.923] thr=3   paramiko.transport: Connected (version 2.0, client OpenSSH_9.2p1)
DEB [20250602-16:22:42.941] thr=3   paramiko.transport: === Key exchange possibilities ===
DEB [20250602-16:22:42.941] thr=3   paramiko.transport: kex algos: sntrup761x25519-sha512, sntrup761x25519-sha512@openssh.com, curve25519-sha256, curve25519-sha256@libssh.org, ecdh-sha2-nistp256, ecdh-sha2-nistp384, ecdh-sha2-nistp521, diffie-hellman-group-exchange-sha256, diffie-hellman-group16-sha512, diffie-hellman-group18-sha512, diffie-hellman-group14-sha256, kex-strict-s-v00@openssh.com
DEB [20250602-16:22:42.941] thr=3   paramiko.transport: server key: rsa-sha2-512, rsa-sha2-256, ecdsa-sha2-nistp256, ssh-ed25519
DEB [20250602-16:22:42.941] thr=3   paramiko.transport: client encrypt: chacha20-poly1305@openssh.com, aes128-ctr, aes192-ctr, aes256-ctr, aes128-gcm@openssh.com, aes256-gcm@openssh.com
DEB [20250602-16:22:42.941] thr=3   paramiko.transport: server encrypt: chacha20-poly1305@openssh.com, aes128-ctr, aes192-ctr, aes256-ctr, aes128-gcm@openssh.com, aes256-gcm@openssh.com
DEB [20250602-16:22:42.941] thr=3   paramiko.transport: client mac: umac-64-etm@openssh.com, umac-128-etm@openssh.com, hmac-sha2-256-etm@openssh.com, hmac-sha2-512-etm@openssh.com, hmac-sha1-etm@openssh.com, umac-64@openssh.com, umac-128@openssh.com, hmac-sha2-256, hmac-sha2-512, hmac-sha1
DEB [20250602-16:22:42.941] thr=3   paramiko.transport: server mac: umac-64-etm@openssh.com, umac-128-etm@openssh.com, hmac-sha2-256-etm@openssh.com, hmac-sha2-512-etm@openssh.com, hmac-sha1-etm@openssh.com, umac-64@openssh.com, umac-128@openssh.com, hmac-sha2-256, hmac-sha2-512, hmac-sha1
DEB [20250602-16:22:42.941] thr=3   paramiko.transport: client compress: none, zlib@openssh.com
DEB [20250602-16:22:42.941] thr=3   paramiko.transport: server compress: none, zlib@openssh.com
DEB [20250602-16:22:42.941] thr=3   paramiko.transport: client lang: <none>
DEB [20250602-16:22:42.941] thr=3   paramiko.transport: server lang: <none>
DEB [20250602-16:22:42.942] thr=3   paramiko.transport: kex follows: False
DEB [20250602-16:22:42.942] thr=3   paramiko.transport: === Key exchange agreements ===
DEB [20250602-16:22:42.942] thr=3   paramiko.transport: Strict kex mode: True
DEB [20250602-16:22:42.942] thr=3   paramiko.transport: Kex: curve25519-sha256@libssh.org
DEB [20250602-16:22:42.942] thr=3   paramiko.transport: HostKey: ssh-ed25519
DEB [20250602-16:22:42.942] thr=3   paramiko.transport: Cipher: aes128-ctr
DEB [20250602-16:22:42.942] thr=3   paramiko.transport: MAC: hmac-sha2-256
DEB [20250602-16:22:42.942] thr=3   paramiko.transport: Compression: none
DEB [20250602-16:22:42.942] thr=3   paramiko.transport: === End of kex handshake ===
DEB [20250602-16:22:42.980] thr=3   paramiko.transport: Resetting outbound seqno after NEWKEYS due to strict mode
DEB [20250602-16:22:42.980] thr=3   paramiko.transport: kex engine KexCurve25519 specified hash_algo <built-in function openssl_sha256>
DEB [20250602-16:22:42.980] thr=3   paramiko.transport: Switch to new keys ...
DEB [20250602-16:22:42.980] thr=3   paramiko.transport: Resetting inbound seqno after NEWKEYS due to strict mode
DEB [20250602-16:22:42.980] thr=3   paramiko.transport: Got EXT_INFO: {'server-sig-algs': b'ssh-ed25519,sk-ssh-ed25519@openssh.com,ecdsa-sha2-nistp256,ecdsa-sha2-nistp384,ecdsa-sha2-nistp521,sk-ecdsa-sha2-nistp256@openssh.com,webauthn-sk-ecdsa-sha2-nistp256@openssh.com,ssh-dss,ssh-rsa,rsa-sha2-256,rsa-sha2-512', 'publickey-hostbound@openssh.com': b'0'}
DEB [20250602-16:22:42.980] thr=2   paramiko.transport: Attempting password auth...
DEB [20250602-16:22:43.038] thr=3   paramiko.transport: userauth is OK
INF [20250602-16:22:43.096] thr=3   paramiko.transport: Authentication (password) successful!
DEB [20250602-16:22:43.096] thr=2   paramiko.transport: [chan 0] Max packet in: 32768 bytes
DEB [20250602-16:22:43.221] thr=3   paramiko.transport: Received global request "hostkeys-00@openssh.com"
DEB [20250602-16:22:43.221] thr=3   paramiko.transport: Rejecting "hostkeys-00@openssh.com" global request from server.
DEB [20250602-16:22:43.231] thr=3   paramiko.transport: [chan 0] Max packet out: 32768 bytes
DEB [20250602-16:22:43.231] thr=3   paramiko.transport: Secsh channel 0 opened.
DEB [20250602-16:22:43.248] thr=3   paramiko.transport: [chan 0] Sesch channel 0 request ok
INF [20250602-16:22:43.276] thr=2   paramiko.transport.sftp: [chan 0] Opened sftp connection (server version 3)
DEB [20250602-16:22:43.276] thr=2   paramiko.transport.sftp: [chan 0] open(b'connect_stick_otaa.py', 'wb')
DEB [20250602-16:22:43.287] thr=2   paramiko.transport.sftp: [chan 0] open(b'connect_stick_otaa.py', 'wb') -> 00000000
DEB [20250602-16:22:43.288] thr=2   paramiko.transport.sftp: [chan 0] close(00000000)
DEB [20250602-16:22:43.309] thr=2   paramiko.transport.sftp: [chan 0] stat(b'connect_stick_otaa.py')
DEB [20250602-16:22:43.317] thr=2   paramiko.transport.sftp: [chan 0] open(b'monitor_parameters.py', 'wb')
DEB [20250602-16:22:43.326] thr=2   paramiko.transport.sftp: [chan 0] open(b'monitor_parameters.py', 'wb') -> 00000000
DEB [20250602-16:22:43.326] thr=2   paramiko.transport.sftp: [chan 0] close(00000000)
DEB [20250602-16:22:43.346] thr=2   paramiko.transport.sftp: [chan 0] stat(b'monitor_parameters.py')
DEB [20250602-16:22:43.354] thr=2   paramiko.transport.sftp: [chan 0] open(b'mqtt_grafana.py', 'wb')
DEB [20250602-16:22:43.362] thr=2   paramiko.transport.sftp: [chan 0] open(b'mqtt_grafana.py', 'wb') -> 00000000
DEB [20250602-16:22:43.362] thr=2   paramiko.transport.sftp: [chan 0] close(00000000)
DEB [20250602-16:22:43.384] thr=2   paramiko.transport.sftp: [chan 0] stat(b'mqtt_grafana.py')
INF [20250602-16:22:43.390] thr=2   paramiko.transport.sftp: [chan 0] sftp session closed.
DEB [20250602-16:22:43.390] thr=2   paramiko.transport: [chan 0] EOF sent (0)
DEB [20250602-16:22:43.491] thr=3   paramiko.transport: EOF in transport thread
